<?xml version="1.0" encoding="UTF-8"?>
<!-- Generated by org.testng.reporters.JUnitXMLReporter -->
<testsuite ignored="0" hostname="Lenovo-PC" failures="0" tests="3" name="FirefoxTest" time="45.949" errors="0" timestamp="19 Jun 2021 11:57:19 GMT">
  <testcase classname="test.test1" name="Verifyholdings" time="3.345"/>
  <testcase classname="test.test1" name="Verifyposition" time="3.357"/>
  <testcase classname="test.test1" name="verifyOrder" time="3.324"/>
</testsuite> <!-- FirefoxTest -->
